demo-app/build/intermediates/manifest_merge_blame_file/debug/processDebugMainManifest/manifest-merger-blame-debug-report.txt
1<?xml version="1.0" encoding="utf-8"?>
2<!--
3    AndroidManifest.xml لتطبيق Atheer Demo
4    يحتوي على إعلانات الأنشطة والصلاحيات اللازمة
5-->
6<manifest xmlns:android="http://schemas.android.com/apk/res/android"
7    package="com.atheer.demo.debug"
8    android:versionCode="1"
9    android:versionName="1.0.0" >
10
11    <uses-sdk
12        android:minSdkVersion="26"
13        android:targetSdkVersion="34" />
14
15    <!-- صلاحية NFC -->
16    <uses-permission android:name="android.permission.NFC" />
16-->src\main\AndroidManifest.xml:9:5-62
16-->src\main\AndroidManifest.xml:9:22-59
17    <!-- صلاحيات الشبكة -->
18    <uses-permission android:name="android.permission.INTERNET" />
18-->src\main\AndroidManifest.xml:11:5-67
18-->src\main\AndroidManifest.xml:11:22-64
19    <uses-permission android:name="android.permission.ACCESS_NETWORK_STATE" />
19-->src\main\AndroidManifest.xml:12:5-79
19-->src\main\AndroidManifest.xml:12:22-76
20    <!-- صلاحية الاهتزاز -->
21    <uses-permission android:name="android.permission.VIBRATE" />
21-->src\main\AndroidManifest.xml:14:5-66
21-->src\main\AndroidManifest.xml:14:22-63
22    <!-- صلاحية البيومترية -->
23    <uses-permission android:name="android.permission.USE_BIOMETRIC" />
23-->src\main\AndroidManifest.xml:16:5-72
23-->src\main\AndroidManifest.xml:16:22-69
24
25    <!-- NFC اختياري حتى يعمل التطبيق على أجهزة بدون NFC -->
26    <uses-feature
26-->src\main\AndroidManifest.xml:19:5-82
27        android:name="android.hardware.nfc"
27-->src\main\AndroidManifest.xml:19:19-54
28        android:required="false" />
28-->src\main\AndroidManifest.xml:19:55-79
29    <uses-feature
29-->src\main\AndroidManifest.xml:20:5-86
30        android:name="android.hardware.nfc.hce"
30-->src\main\AndroidManifest.xml:20:19-58
31        android:required="false" />
31-->src\main\AndroidManifest.xml:20:59-83
32
33    <!-- صلاحية تغيير حالة الشبكة لتوجيه الطلبات عبر الشبكة الخلوية -->
34    <uses-permission android:name="android.permission.CHANGE_NETWORK_STATE" /> <!-- suppress DeprecatedClassUsageInspection -->
34-->[atheer-sdk-release.aar] AndroidManifest.xml:21:5-79
34-->[atheer-sdk-release.aar] AndroidManifest.xml:21:22-76
35    <uses-permission android:name="android.permission.USE_FINGERPRINT" />
35-->[androidx.biometric:biometric:1.1.0] AndroidManifest.xml:27:5-74
35-->[androidx.biometric:biometric:1.1.0] AndroidManifest.xml:27:22-71
36
37    <permission
37-->[androidx.core:core:1.13.1] AndroidManifest.xml:22:5-24:47
38        android:name="com.atheer.demo.debug.DYNAMIC_RECEIVER_NOT_EXPORTED_PERMISSION"
38-->[androidx.core:core:1.13.1] AndroidManifest.xml:23:9-81
39        android:protectionLevel="signature" />
39-->[androidx.core:core:1.13.1] AndroidManifest.xml:24:9-44
40
41    <uses-permission android:name="com.atheer.demo.debug.DYNAMIC_RECEIVER_NOT_EXPORTED_PERMISSION" />
41-->[androidx.core:core:1.13.1] AndroidManifest.xml:26:5-97
41-->[androidx.core:core:1.13.1] AndroidManifest.xml:26:22-94
42
43    <application
43-->src\main\AndroidManifest.xml:22:5-90:19
44        android:name="com.atheer.demo.AtheerDemoApp"
44-->src\main\AndroidManifest.xml:23:9-38
45        android:allowBackup="true"
45-->src\main\AndroidManifest.xml:24:9-35
46        android:appComponentFactory="androidx.core.app.CoreComponentFactory"
46-->[androidx.core:core:1.13.1] AndroidManifest.xml:28:18-86
47        android:debuggable="true"
48        android:extractNativeLibs="false"
49        android:icon="@mipmap/ic_launcher"
49-->src\main\AndroidManifest.xml:25:9-43
50        android:label="@string/app_name"
50-->src\main\AndroidManifest.xml:26:9-41
51        android:roundIcon="@mipmap/ic_launcher_round"
51-->src\main\AndroidManifest.xml:27:9-54
52        android:supportsRtl="true"
52-->src\main\AndroidManifest.xml:28:9-35
53        android:theme="@style/Theme.AtheerDemo" >
53-->src\main\AndroidManifest.xml:29:9-48
54
55        <!-- شاشة البداية (Splash) -->
56        <activity
56-->src\main\AndroidManifest.xml:32:9-40:20
57            android:name="com.atheer.demo.ui.SplashActivity"
57-->src\main\AndroidManifest.xml:33:13-46
58            android:exported="true"
58-->src\main\AndroidManifest.xml:34:13-36
59            android:theme="@style/Theme.AtheerDemo.Splash" >
59-->src\main\AndroidManifest.xml:35:13-59
60            <intent-filter>
60-->src\main\AndroidManifest.xml:36:13-39:29
61                <action android:name="android.intent.action.MAIN" />
61-->src\main\AndroidManifest.xml:37:17-69
61-->src\main\AndroidManifest.xml:37:25-66
62
63                <category android:name="android.intent.category.LAUNCHER" />
63-->src\main\AndroidManifest.xml:38:17-77
63-->src\main\AndroidManifest.xml:38:27-74
64            </intent-filter>
65        </activity>
66
67        <!-- شاشة تسجيل الدخول -->
68        <activity
68-->src\main\AndroidManifest.xml:43:9-46:58
69            android:name="com.atheer.demo.ui.login.LoginActivity"
69-->src\main\AndroidManifest.xml:44:13-51
70            android:exported="false"
70-->src\main\AndroidManifest.xml:45:13-37
71            android:windowSoftInputMode="adjustResize" />
71-->src\main\AndroidManifest.xml:46:13-55
72
73        <!-- لوحة التحكم: اختيار المسار -->
74        <activity
74-->src\main\AndroidManifest.xml:49:9-51:40
75            android:name="com.atheer.demo.ui.dashboard.DashboardActivity"
75-->src\main\AndroidManifest.xml:50:13-59
76            android:exported="false" />
76-->src\main\AndroidManifest.xml:51:13-37
77
78        <!-- الشاشة الرئيسية للعميل -->
79        <activity
79-->src\main\AndroidManifest.xml:54:9-56:40
80            android:name="com.atheer.demo.ui.customer.CustomerMainActivity"
80-->src\main\AndroidManifest.xml:55:13-61
81            android:exported="false" />
81-->src\main\AndroidManifest.xml:56:13-37
82
83        <!-- الشاشة الرئيسية للتاجر -->
84        <activity
84-->src\main\AndroidManifest.xml:59:9-61:40
85            android:name="com.atheer.demo.ui.merchant.MerchantMainActivity"
85-->src\main\AndroidManifest.xml:60:13-61
86            android:exported="false" />
86-->src\main\AndroidManifest.xml:61:13-37
87
88        <!-- مسار العميل: محاكاة البطاقة (HCE) -->
89        <activity
89-->src\main\AndroidManifest.xml:64:9-66:40
90            android:name="com.atheer.demo.ui.customer.CustomerActivity"
90-->src\main\AndroidManifest.xml:65:13-57
91            android:exported="false" />
91-->src\main\AndroidManifest.xml:66:13-37
92
93        <!-- مسار نقطة المبيعات (SoftPOS) -->
94        <activity
94-->src\main\AndroidManifest.xml:69:9-71:40
95            android:name="com.atheer.demo.ui.pos.PosActivity"
95-->src\main\AndroidManifest.xml:70:13-47
96            android:exported="false" />
96-->src\main\AndroidManifest.xml:71:13-37
97
98        <!-- شاشة نتيجة المعاملة -->
99        <activity
99-->src\main\AndroidManifest.xml:74:9-76:40
100            android:name="com.atheer.demo.ui.result.TransactionResultActivity"
100-->src\main\AndroidManifest.xml:75:13-64
101            android:exported="false" />
101-->src\main\AndroidManifest.xml:76:13-37
102
103        <!-- شاشة نجاح الدفع (شفافة) -->
104        <activity
104-->src\main\AndroidManifest.xml:79:9-82:67
105            android:name="com.atheer.demo.ui.payment.PaymentSuccessActivity"
105-->src\main\AndroidManifest.xml:80:13-62
106            android:exported="false"
106-->src\main\AndroidManifest.xml:81:13-37
107            android:theme="@style/Theme.AtheerDemo.Translucent" />
107-->src\main\AndroidManifest.xml:82:13-64
108        <activity
108-->src\main\AndroidManifest.xml:83:9-85:40
109            android:name="com.atheer.demo.ui.login.RegisterActivity"
109-->src\main\AndroidManifest.xml:84:13-54
110            android:exported="false" />
110-->src\main\AndroidManifest.xml:85:13-37
111
112        <!--
113            خدمة HCE - محاكاة بطاقة NFC للمدفوعات بدون إنترنت
114            يجب أن تكون هذه الخدمة مُصدَّرة حتى يتمكن نظام Android من استدعائها
115            عند الاقتراب من جهاز قارئ NFC
116        -->
117        <service
117-->[atheer-sdk-release.aar] AndroidManifest.xml:40:9-55:19
118            android:name="com.atheer.sdk.hce.AtheerApduService"
118-->[atheer-sdk-release.aar] AndroidManifest.xml:41:13-64
119            android:exported="true"
119-->[atheer-sdk-release.aar] AndroidManifest.xml:42:13-36
120            android:permission="android.permission.BIND_NFC_SERVICE" >
120-->[atheer-sdk-release.aar] AndroidManifest.xml:43:13-69
121            <intent-filter>
121-->[atheer-sdk-release.aar] AndroidManifest.xml:44:13-50:29
122
123                <!-- هذا الفلتر يخبر النظام أن الخدمة تدعم محاكاة بطاقة NFC -->
124                <action android:name="android.nfc.cardemulation.action.HOST_APDU_SERVICE" />
124-->[atheer-sdk-release.aar] AndroidManifest.xml:47:17-93
124-->[atheer-sdk-release.aar] AndroidManifest.xml:47:25-90
125
126                <category android:name="android.intent.category.DEFAULT" />
126-->[atheer-sdk-release.aar] AndroidManifest.xml:49:17-76
126-->[atheer-sdk-release.aar] AndroidManifest.xml:49:27-73
127            </intent-filter>
128            <!-- ملف XML الذي يصف AIDs (معرفات التطبيق) المدعومة -->
129            <meta-data
129-->[atheer-sdk-release.aar] AndroidManifest.xml:52:13-54:55
130                android:name="android.nfc.cardemulation.host_apdu_service"
130-->[atheer-sdk-release.aar] AndroidManifest.xml:53:17-75
131                android:resource="@xml/apduservice" />
131-->[atheer-sdk-release.aar] AndroidManifest.xml:54:17-52
132        </service>
133
134        <provider
134-->[androidx.emoji2:emoji2:1.3.0] AndroidManifest.xml:24:9-32:20
135            android:name="androidx.startup.InitializationProvider"
135-->[androidx.emoji2:emoji2:1.3.0] AndroidManifest.xml:25:13-67
136            android:authorities="com.atheer.demo.debug.androidx-startup"
136-->[androidx.emoji2:emoji2:1.3.0] AndroidManifest.xml:26:13-68
137            android:exported="false" >
137-->[androidx.emoji2:emoji2:1.3.0] AndroidManifest.xml:27:13-37
138            <meta-data
138-->[androidx.emoji2:emoji2:1.3.0] AndroidManifest.xml:29:13-31:52
139                android:name="androidx.emoji2.text.EmojiCompatInitializer"
139-->[androidx.emoji2:emoji2:1.3.0] AndroidManifest.xml:30:17-75
140                android:value="androidx.startup" />
140-->[androidx.emoji2:emoji2:1.3.0] AndroidManifest.xml:31:17-49
141            <meta-data
141-->[androidx.lifecycle:lifecycle-process:2.8.6] AndroidManifest.xml:29:13-31:52
142                android:name="androidx.lifecycle.ProcessLifecycleInitializer"
142-->[androidx.lifecycle:lifecycle-process:2.8.6] AndroidManifest.xml:30:17-78
143                android:value="androidx.startup" />
143-->[androidx.lifecycle:lifecycle-process:2.8.6] AndroidManifest.xml:31:17-49
144            <meta-data
144-->[androidx.profileinstaller:profileinstaller:1.3.1] AndroidManifest.xml:29:13-31:52
145                android:name="androidx.profileinstaller.ProfileInstallerInitializer"
145-->[androidx.profileinstaller:profileinstaller:1.3.1] AndroidManifest.xml:30:17-85
146                android:value="androidx.startup" />
146-->[androidx.profileinstaller:profileinstaller:1.3.1] AndroidManifest.xml:31:17-49
147        </provider>
148
149        <service
149-->[androidx.room:room-runtime:2.6.1] AndroidManifest.xml:24:9-28:63
150            android:name="androidx.room.MultiInstanceInvalidationService"
150-->[androidx.room:room-runtime:2.6.1] AndroidManifest.xml:25:13-74
151            android:directBootAware="true"
151-->[androidx.room:room-runtime:2.6.1] AndroidManifest.xml:26:13-43
152            android:exported="false" />
152-->[androidx.room:room-runtime:2.6.1] AndroidManifest.xml:27:13-37
153
154        <receiver
154-->[androidx.profileinstaller:profileinstaller:1.3.1] AndroidManifest.xml:34:9-52:20
155            android:name="androidx.profileinstaller.ProfileInstallReceiver"
155-->[androidx.profileinstaller:profileinstaller:1.3.1] AndroidManifest.xml:35:13-76
156            android:directBootAware="false"
156-->[androidx.profileinstaller:profileinstaller:1.3.1] AndroidManifest.xml:36:13-44
157            android:enabled="true"
157-->[androidx.profileinstaller:profileinstaller:1.3.1] AndroidManifest.xml:37:13-35
158            android:exported="true"
158-->[androidx.profileinstaller:profileinstaller:1.3.1] AndroidManifest.xml:38:13-36
159            android:permission="android.permission.DUMP" >
159-->[androidx.profileinstaller:profileinstaller:1.3.1] AndroidManifest.xml:39:13-57
160            <intent-filter>
160-->[androidx.profileinstaller:profileinstaller:1.3.1] AndroidManifest.xml:40:13-42:29
161                <action android:name="androidx.profileinstaller.action.INSTALL_PROFILE" />
161-->[androidx.profileinstaller:profileinstaller:1.3.1] AndroidManifest.xml:41:17-91
161-->[androidx.profileinstaller:profileinstaller:1.3.1] AndroidManifest.xml:41:25-88
162            </intent-filter>
163            <intent-filter>
163-->[androidx.profileinstaller:profileinstaller:1.3.1] AndroidManifest.xml:43:13-45:29
164                <action android:name="androidx.profileinstaller.action.SKIP_FILE" />
164-->[androidx.profileinstaller:profileinstaller:1.3.1] AndroidManifest.xml:44:17-85
164-->[androidx.profileinstaller:profileinstaller:1.3.1] AndroidManifest.xml:44:25-82
165            </intent-filter>
166            <intent-filter>
166-->[androidx.profileinstaller:profileinstaller:1.3.1] AndroidManifest.xml:46:13-48:29
167                <action android:name="androidx.profileinstaller.action.SAVE_PROFILE" />
167-->[androidx.profileinstaller:profileinstaller:1.3.1] AndroidManifest.xml:47:17-88
167-->[androidx.profileinstaller:profileinstaller:1.3.1] AndroidManifest.xml:47:25-85
168            </intent-filter>
169            <intent-filter>
169-->[androidx.profileinstaller:profileinstaller:1.3.1] AndroidManifest.xml:49:13-51:29
170                <action android:name="androidx.profileinstaller.action.BENCHMARK_OPERATION" />
170-->[androidx.profileinstaller:profileinstaller:1.3.1] AndroidManifest.xml:50:17-95
170-->[androidx.profileinstaller:profileinstaller:1.3.1] AndroidManifest.xml:50:25-92
171            </intent-filter>
172        </receiver>
173    </application>
174
175</manifest>